<?xml version="1.0" encoding="UTF-8"?>
<coverage generated="1737440147295" clover="3.2.0">
  <project timestamp="1737440147295" name="All files">
    <metrics statements="27" coveredstatements="24" conditionals="13" coveredconditionals="9" methods="7" coveredmethods="6" elements="47" coveredelements="39" complexity="0" loc="27" ncloc="27" packages="1" files="1" classes="1"/>
    <file name="betterTrafficLight.ts" path="C:\Users\gardy\CS4530\module04\module04-traffic-light-activity\src\betterTrafficLight.ts">
      <metrics statements="27" coveredstatements="24" conditionals="13" coveredconditionals="9" methods="7" coveredmethods="6"/>
      <line num="4" count="1" type="stmt"/>
      <line num="5" count="1" type="stmt"/>
      <line num="6" count="1" type="stmt"/>
      <line num="8" count="1" type="stmt"/>
      <line num="9" count="6" type="cond" truecount="3" falsecount="1"/>
      <line num="11" count="4" type="cond" truecount="2" falsecount="0"/>
      <line num="13" count="1" type="cond" truecount="1" falsecount="1"/>
      <line num="15" count="1" type="cond" truecount="1" falsecount="1"/>
      <line num="17" count="0" type="stmt"/>
      <line num="21" count="1" type="stmt"/>
      <line num="23" count="6" type="stmt"/>
      <line num="25" count="6" type="stmt"/>
      <line num="32" count="6" type="stmt"/>
      <line num="33" count="6" type="stmt"/>
      <line num="34" count="6" type="stmt"/>
      <line num="36" count="6" type="stmt"/>
      <line num="41" count="0" type="stmt"/>
      <line num="46" count="10" type="stmt"/>
      <line num="47" count="10" type="cond" truecount="0" falsecount="1"/>
      <line num="48" count="0" type="stmt"/>
      <line num="50" count="10" type="stmt"/>
      <line num="55" count="6" type="stmt"/>
      <line num="56" count="6" type="cond" truecount="2" falsecount="0"/>
      <line num="57" count="4" type="stmt"/>
      <line num="59" count="2" type="stmt"/>
      <line num="64" count="6" type="stmt"/>
      <line num="68" count="4" type="stmt"/>
    </file>
  </project>
</coverage>
