{"C:\\Users\\gardy\\CS4530\\module04\\module04-traffic-light-activity\\src\\betterTrafficLight.ts": {"path":"C:\\Users\\gardy\\CS4530\\module04\\module04-traffic-light-activity\\src\\betterTrafficLight.ts","statementMap":{"0":{"start":{"line":3,"column":25},"end":{"line":3,"column":27}},"1":{"start":{"line":4,"column":28},"end":{"line":4,"column":29}},"2":{"start":{"line":5,"column":27},"end":{"line":5,"column":29}},"3":{"start":{"line":8,"column":2},"end":{"line":17,"column":null}},"4":{"start":{"line":10,"column":6},"end":{"line":10,"column":42}},"5":{"start":{"line":12,"column":6},"end":{"line":12,"column":43}},"6":{"start":{"line":14,"column":6},"end":{"line":14,"column":45}},"7":{"start":{"line":16,"column":6},"end":{"line":16,"column":53}},"8":{"start":{"line":7,"column":0},"end":{"line":7,"column":16}},"9":{"start":{"line":22,"column":47},"end":{"line":22,"column":71}},"10":{"start":{"line":24,"column":24},"end":{"line":24,"column":29}},"11":{"start":{"line":31,"column":4},"end":{"line":31,"column":54}},"12":{"start":{"line":32,"column":4},"end":{"line":32,"column":60}},"13":{"start":{"line":33,"column":4},"end":{"line":33,"column":58}},"14":{"start":{"line":35,"column":4},"end":{"line":35,"column":40}},"15":{"start":{"line":40,"column":4},"end":{"line":40,"column":42}},"16":{"start":{"line":45,"column":21},"end":{"line":45,"column":57}},"17":{"start":{"line":46,"column":4},"end":{"line":48,"column":null}},"18":{"start":{"line":47,"column":6},"end":{"line":47,"column":54}},"19":{"start":{"line":49,"column":4},"end":{"line":49,"column":20}},"20":{"start":{"line":54,"column":4},"end":{"line":54,"column":62}},"21":{"start":{"line":55,"column":4},"end":{"line":59,"column":null}},"22":{"start":{"line":56,"column":6},"end":{"line":56,"column":42}},"23":{"start":{"line":58,"column":6},"end":{"line":58,"column":25}},"24":{"start":{"line":63,"column":4},"end":{"line":63,"column":22}},"25":{"start":{"line":67,"column":4},"end":{"line":67,"column":22}},"26":{"start":{"line":20,"column":0},"end":{"line":20,"column":13}}},"fnMap":{"0":{"name":"colorAtNextSecond","decl":{"start":{"line":7,"column":16},"end":{"line":7,"column":33}},"loc":{"start":{"line":7,"column":60},"end":{"line":18,"column":1}}},"1":{"name":"(anonymous_1)","decl":{"start":{"line":29,"column":2},"end":{"line":29,"column":null}},"loc":{"start":{"line":29,"column":2},"end":{"line":36,"column":3}}},"2":{"name":"(anonymous_2)","decl":{"start":{"line":39,"column":9},"end":{"line":39,"column":21}},"loc":{"start":{"line":39,"column":48},"end":{"line":41,"column":3}}},"3":{"name":"(anonymous_3)","decl":{"start":{"line":44,"column":9},"end":{"line":44,"column":21}},"loc":{"start":{"line":44,"column":21},"end":{"line":50,"column":3}}},"4":{"name":"(anonymous_4)","decl":{"start":{"line":53,"column":9},"end":{"line":53,"column":13}},"loc":{"start":{"line":53,"column":13},"end":{"line":60,"column":3}}},"5":{"name":"(anonymous_5)","decl":{"start":{"line":62,"column":9},"end":{"line":62,"column":16}},"loc":{"start":{"line":62,"column":26},"end":{"line":64,"column":3}}},"6":{"name":"(anonymous_6)","decl":{"start":{"line":66,"column":9},"end":{"line":66,"column":17}},"loc":{"start":{"line":66,"column":17},"end":{"line":68,"column":3}}}},"branchMap":{"0":{"loc":{"start":{"line":8,"column":2},"end":{"line":17,"column":null}},"type":"switch","locations":[{"start":{"line":9,"column":4},"end":{"line":10,"column":42}},{"start":{"line":11,"column":4},"end":{"line":12,"column":43}},{"start":{"line":13,"column":4},"end":{"line":14,"column":45}},{"start":{"line":15,"column":4},"end":{"line":16,"column":53}}]},"1":{"loc":{"start":{"line":10,"column":13},"end":{"line":10,"column":41}},"type":"cond-expr","locations":[{"start":{"line":10,"column":26},"end":{"line":10,"column":33}},{"start":{"line":10,"column":36},"end":{"line":10,"column":41}}]},"2":{"loc":{"start":{"line":12,"column":13},"end":{"line":12,"column":42}},"type":"cond-expr","locations":[{"start":{"line":12,"column":26},"end":{"line":12,"column":31}},{"start":{"line":12,"column":34},"end":{"line":12,"column":42}}]},"3":{"loc":{"start":{"line":14,"column":13},"end":{"line":14,"column":44}},"type":"cond-expr","locations":[{"start":{"line":14,"column":26},"end":{"line":14,"column":34}},{"start":{"line":14,"column":37},"end":{"line":14,"column":44}}]},"4":{"loc":{"start":{"line":46,"column":4},"end":{"line":48,"column":null}},"type":"if","locations":[{"start":{"line":46,"column":4},"end":{"line":48,"column":null}}]},"5":{"loc":{"start":{"line":55,"column":4},"end":{"line":59,"column":null}},"type":"if","locations":[{"start":{"line":55,"column":4},"end":{"line":59,"column":null}},{"start":{"line":57,"column":11},"end":{"line":59,"column":null}}]}},"s":{"0":1,"1":1,"2":1,"3":6,"4":4,"5":1,"6":1,"7":0,"8":1,"9":6,"10":6,"11":6,"12":6,"13":6,"14":6,"15":0,"16":10,"17":10,"18":0,"19":10,"20":6,"21":6,"22":4,"23":2,"24":6,"25":4,"26":1},"f":{"0":6,"1":6,"2":0,"3":10,"4":6,"5":6,"6":4},"b":{"0":[4,1,1,0],"1":[2,2],"2":[1,0],"3":[1,0],"4":[0],"5":[4,2]}}
}
