TN:
SF:src\betterTrafficLight.ts
FN:8,colorAtNextSecond
FN:30,(anonymous_1)
FN:40,(anonymous_2)
FN:45,(anonymous_3)
FN:54,(anonymous_4)
FN:63,(anonymous_5)
FN:67,(anonymous_6)
FNF:7
FNH:6
FNDA:6,colorAtNextSecond
FNDA:6,(anonymous_1)
FNDA:0,(anonymous_2)
FNDA:10,(anonymous_3)
FNDA:6,(anonymous_4)
FNDA:6,(anonymous_5)
FNDA:4,(anonymous_6)
DA:4,1
DA:5,1
DA:6,1
DA:8,1
DA:9,6
DA:11,4
DA:13,1
DA:15,1
DA:17,0
DA:21,1
DA:23,6
DA:25,6
DA:32,6
DA:33,6
DA:34,6
DA:36,6
DA:41,0
DA:46,10
DA:47,10
DA:48,0
DA:50,10
DA:55,6
DA:56,6
DA:57,4
DA:59,2
DA:64,6
DA:68,4
LF:27
LH:24
BRDA:9,0,0,4
BRDA:9,0,1,1
BRDA:9,0,2,1
BRDA:9,0,3,0
BRDA:11,1,0,2
BRDA:11,1,1,2
BRDA:13,2,0,1
BRDA:13,2,1,0
BRDA:15,3,0,1
BRDA:15,3,1,0
BRDA:47,4,0,0
BRDA:56,5,0,4
BRDA:56,5,1,2
BRF:13
BRH:9
end_of_record
