TN:
SF:src\TrafficLight.ts
FN:3,colorAtNextSecond
FN:22,(anonymous_1)
FN:43,(anonymous_2)
FN:47,(anonymous_3)
FNF:4
FNH:4
FNDA:6,colorAtNextSecond
FNDA:6,(anonymous_1)
FNDA:6,(anonymous_2)
FNDA:4,(anonymous_3)
DA:3,1
DA:4,6
DA:6,4
DA:8,1
DA:10,1
DA:12,0
DA:16,1
DA:17,6
DA:19,6
DA:23,6
DA:24,6
DA:25,4
DA:27,1
DA:28,1
DA:30,1
DA:31,1
DA:33,2
DA:34,2
DA:36,0
DA:39,2
DA:44,6
DA:48,4
LF:22
LH:20
BRDA:4,0,0,4
BRDA:4,0,1,1
BRDA:4,0,2,1
BRDA:4,0,3,0
BRDA:6,1,0,2
BRDA:6,1,1,2
BRDA:8,2,0,1
BRDA:8,2,1,0
BRDA:10,3,0,1
BRDA:10,3,1,0
BRDA:24,4,0,4
BRDA:24,4,1,2
BRDA:25,5,0,1
BRDA:25,5,1,1
BRDA:25,5,2,2
BRDA:25,5,3,0
BRF:16
BRH:12
end_of_record
